<?xml version="1.0" encoding="UTF-8"?>
<!-- Generated by org.testng.reporters.JUnitReportReporter -->
<testsuite hostname="RAM" failures="0" tests="1" name="Base.Signin" time="0.000" errors="0" timestamp="2024-04-28T12:19:45 IST" skipped="1">
  <testcase classname="Base.Signin" name="Signin" time="0.000">
    <skipped/>
  </testcase> <!-- Signin -->
</testsuite> <!-- Base.Signin -->
