<?xml version="1.0" encoding="UTF-8"?>
<!-- Generated by org.testng.reporters.JUnitReportReporter -->
<testsuite hostname="RAM" failures="0" tests="1" name="FB3TEST.Logint$Assertion" time="6.368" errors="0" timestamp="2024-04-27T11:18:25 IST" skipped="0">
  <testcase classname="FB3TEST.Logint$Assertion" name="Logintofacebook" time="6.368"/>
</testsuite> <!-- FB3TEST.Logint$Assertion -->
