<?xml version="1.0" encoding="UTF-8"?>
<!-- Generated by org.testng.reporters.JUnitReportReporter -->
<testsuite hostname="RAM" failures="0" tests="2" name="CrossBrowser.Assertion" time="9.974" errors="0" timestamp="2024-04-27T17:53:03 IST" skipped="0">
  <testcase classname="CrossBrowser.Assertion" name="forgotPassword" time="4.710"/>
  <testcase classname="CrossBrowser.Assertion" name="forgotPassword" time="5.264"/>
</testsuite> <!-- CrossBrowser.Assertion -->
