<?xml version="1.0" encoding="UTF-8"?>
<!-- Generated by org.testng.reporters.JUnitReportReporter -->
<testsuite hostname="RAM" failures="0" tests="2" name="CrossBrowser.Createaccount" time="14.381" errors="0" timestamp="2024-04-27T17:53:02 IST" skipped="0">
  <testcase classname="CrossBrowser.Createaccount" name="Createaccount" time="7.911"/>
  <testcase classname="CrossBrowser.Createaccount" name="Createaccount" time="6.470"/>
</testsuite> <!-- CrossBrowser.Createaccount -->
