<?xml version="1.0" encoding="UTF-8"?>
<!-- Generated by org.testng.reporters.JUnitReportReporter -->
<testsuite hostname="RAM" failures="0" tests="2" name="CrossBrowser.Signin" time="12.484" errors="0" timestamp="2024-04-27T17:53:02 IST" skipped="0">
  <testcase classname="CrossBrowser.Signin" name="Signin" time="5.846"/>
  <testcase classname="CrossBrowser.Signin" name="Signin" time="6.638"/>
</testsuite> <!-- CrossBrowser.Signin -->
